<?xml version="1.0" encoding="UTF-8"?>
<!-- Generated by org.testng.reporters.JUnitReportReporter -->
<testsuite hostname="GA1-1027170LT" failures="0" tests="1" name="apiChaining.EndToEndEmployeeTest" time="3.794" errors="0" timestamp="04 Aug 2022 17:32:10 GMT" skipped="0">
  <testcase classname="apiChaining.EndToEndEmployeeTest" name="test1" time="3.794"/>
</testsuite> <!-- apiChaining.EndToEndEmployeeTest -->
