<?xml version="1.0" encoding="UTF-8"?>
<!-- Generated by org.testng.reporters.JUnitReportReporter -->
<testsuite hostname="GA1-1027170LT" failures="0" tests="1" name="apiChaining.EditEmployee" time="2.038" errors="0" timestamp="04 Aug 2022 17:26:50 GMT" skipped="0">
  <testcase classname="apiChaining.EditEmployee" name="test1" time="2.038"/>
</testsuite> <!-- apiChaining.EditEmployee -->
