<?xml version="1.0" encoding="UTF-8"?>
<!-- Generated by org.testng.reporters.JUnitReportReporter -->
<testsuite hostname="GA1-1027170LT" failures="0" tests="1" name="apiChaining.GetEmployees" time="1.870" errors="0" timestamp="04 Aug 2022 17:27:09 GMT" skipped="0">
  <testcase classname="apiChaining.GetEmployees" name="test1" time="1.870"/>
</testsuite> <!-- apiChaining.GetEmployees -->
