<?xml version="1.0" encoding="UTF-8"?>
<!-- Generated by org.testng.reporters.JUnitReportReporter -->
<testsuite hostname="GA1-1027170LT" failures="0" tests="1" name="apiChaining.DeleteEmployee" time="2.393" errors="0" timestamp="04 Aug 2022 17:30:36 GMT" skipped="0">
  <testcase classname="apiChaining.DeleteEmployee" name="test1" time="2.393"/>
</testsuite> <!-- apiChaining.DeleteEmployee -->
